Log file open, 05/30/19 11:11:17
LogWindows: Failed to load 'aqProf.dll' (GetLastError=126)
LogWindows: File 'aqProf.dll' does not exist
LogWindows: Failed to load 'VtuneApi.dll' (GetLastError=126)
LogWindows: File 'VtuneApi.dll' does not exist
LogWindows: Failed to load 'VtuneApi32e.dll' (GetLastError=126)
LogWindows: File 'VtuneApi32e.dll' does not exist
LogConsoleResponse: Display: Failed to find resolution value strings in scalability ini. Falling back to default.
LogInit: Display: Running engine for game: BlueprintExtraCredit
LogPakFile: Registered encryption key '00000000000000000000000000000000': 0 pak files mounted, 0 remain pending
LogPlatformFile: Not using cached read wrapper
LogTaskGraph: Started task graph with 5 named threads and 14 total threads with 3 sets of task threads.
LogStats: Stats thread started at 0.211898
LogD3D11RHI: Loaded GFSDK_Aftermath_Lib.x64.dll
LogICUInternationalization: ICU TimeZone Detection - Raw Offset: -7:00, Platform Override: ''
LogPluginManager: Mounting plugin Paper2D
LogPluginManager: Mounting plugin AISupport
LogPluginManager: Mounting plugin LightPropagationVolume
LogPluginManager: Mounting plugin ActorLayerUtilities
LogPluginManager: Mounting plugin CLionSourceCodeAccess
LogPluginManager: Mounting plugin CodeLiteSourceCodeAccess
LogPluginManager: Mounting plugin GitSourceControl
LogPluginManager: Mounting plugin KDevelopSourceCodeAccess
LogPluginManager: Mounting plugin NullSourceCodeAccess
LogPluginManager: Mounting plugin PerforceSourceControl
LogPluginManager: Mounting plugin SubversionSourceControl
LogPluginManager: Mounting plugin UObjectPlugin
LogPluginManager: Mounting plugin VisualStudioCodeSourceCodeAccess
LogPluginManager: Mounting plugin VisualStudioSourceCodeAccess
LogPluginManager: Mounting plugin XCodeSourceCodeAccess
LogPluginManager: Mounting plugin AssetManagerEditor
LogPluginManager: Mounting plugin CryptoKeys
LogPluginManager: Mounting plugin DataValidation
LogPluginManager: Mounting plugin FacialAnimation
LogPluginManager: Mounting plugin GameplayTagsEditor
LogPluginManager: Mounting plugin MacGraphicsSwitching
LogPluginManager: Mounting plugin MeshEditor
LogPluginManager: Mounting plugin MobileLauncherProfileWizard
LogPluginManager: Mounting plugin PluginBrowser
LogPluginManager: Mounting plugin SpeedTreeImporter
LogPluginManager: Mounting plugin DatasmithContent
LogPluginManager: Mounting plugin VariantManagerContent
LogPluginManager: Mounting plugin AlembicImporter
LogPluginManager: Mounting plugin AppleImageUtils
LogPluginManager: Mounting plugin AppleVision
LogPluginManager: Mounting plugin BackChannel
LogPluginManager: Mounting plugin CharacterAI
LogPluginManager: Mounting plugin GeometryCache
LogPluginManager: Mounting plugin HTML5Networking
LogPluginManager: Mounting plugin ProxyLODPlugin
LogPluginManager: Mounting plugin FMODStudio
LogPluginManager: Mounting plugin MagicLeap
LogPluginManager: Mounting plugin MagicLeapMedia
LogPluginManager: Mounting plugin AndroidMedia
LogPluginManager: Mounting plugin AvfMedia
LogPluginManager: Mounting plugin ImgMedia
LogPluginManager: Mounting plugin LinearTimecode
LogPluginManager: Mounting plugin MediaCompositing
LogPluginManager: Mounting plugin MediaPlayerEditor
LogPluginManager: Mounting plugin WebMMedia
LogPluginManager: Mounting plugin WmfMedia
LogPluginManager: Mounting plugin TcpMessaging
LogPluginManager: Mounting plugin UdpMessaging
LogPluginManager: Mounting plugin ActorSequence
LogPluginManager: Mounting plugin LevelSequenceEditor
LogPluginManager: Mounting plugin MatineeToLevelSequence
LogPluginManager: Mounting plugin NetcodeUnitTest
LogPluginManager: Mounting plugin NUTUnrealEngine4
LogPluginManager: Mounting plugin OnlineSubsystemGooglePlay
LogPluginManager: Mounting plugin OnlineSubsystemIOS
LogPluginManager: Mounting plugin OnlineSubsystem
LogPluginManager: Mounting plugin OnlineSubsystemNull
LogPluginManager: Mounting plugin OnlineSubsystemUtils
LogPluginManager: Mounting plugin LauncherChunkInstaller
LogPluginManager: Mounting plugin AndroidDeviceProfileSelector
LogPluginManager: Mounting plugin AndroidMoviePlayer
LogPluginManager: Mounting plugin AndroidPermission
LogPluginManager: Mounting plugin AppleMoviePlayer
LogPluginManager: Mounting plugin ArchVisCharacter
LogPluginManager: Mounting plugin AudioCapture
LogPluginManager: Mounting plugin CableComponent
LogPluginManager: Mounting plugin CustomMeshComponent
LogPluginManager: Mounting plugin EditableMesh
LogPluginManager: Mounting plugin ExampleDeviceProfileSelector
LogPluginManager: Mounting plugin Firebase
LogPluginManager: Mounting plugin GoogleCloudMessaging
LogPluginManager: Mounting plugin IOSDeviceProfileSelector
LogPluginManager: Mounting plugin LinuxDeviceProfileSelector
LogPluginManager: Mounting plugin LocationServicesBPLibrary
LogPluginManager: Mounting plugin MobilePatchingUtils
LogPluginManager: Mounting plugin OculusVR
LogPluginManager: Mounting plugin PhysXVehicles
LogPluginManager: Mounting plugin ProceduralMeshComponent
LogPluginManager: Mounting plugin RuntimePhysXCooking
LogPluginManager: Mounting plugin SteamVR
LogPluginManager: Mounting plugin WebMMoviePlayer
LogPluginManager: Mounting plugin WindowsMoviePlayer
LogStreaming: Display: Took  0.124s to configure plugins.
LogInit: Using libcurl 7.55.1-DEV
LogInit:  - built for x86_64-pc-win32
LogInit:  - supports SSL with OpenSSL/1.0.2h
LogInit:  - supports HTTP deflate (compression) using libz 1.2.8
LogInit:  - other features:
LogInit:      CURL_VERSION_SSL
LogInit:      CURL_VERSION_LIBZ
LogInit:      CURL_VERSION_IPV6
LogInit:      CURL_VERSION_ASYNCHDNS
LogInit:      CURL_VERSION_LARGEFILE
LogInit:      CURL_VERSION_IDN
LogInit:  CurlRequestOptions (configurable via config and command line):
LogInit:  - bVerifyPeer = true  - Libcurl will verify peer certificate
LogInit:  - bUseHttpProxy = false  - Libcurl will NOT use HTTP proxy
LogInit:  - bDontReuseConnections = false  - Libcurl will reuse connections
LogInit:  - MaxHostConnections = 16  - Libcurl will limit the number of connections to a host
LogInit:  - LocalHostAddr = Default
LogInit:  - BufferSize = 65536
LogInit: WinSock: version 1.1 (2.2), MaxSocks=32767, MaxUdp=65467
LogInit: Build: ++UE4+Release-4.21-CL-4753647
LogInit: Engine Version: 4.21.2-4753647+++UE4+Release-4.21
LogInit: Compatible Engine Version: 4.21.0-4541578+++UE4+Release-4.21
LogInit: Net CL: 4541578
LogInit: OS: Windows 10 (), CPU: Intel(R) Core(TM) i5-6400 CPU @ 2.70GHz, GPU: NVIDIA GeForce GTX 1060 6GB
LogInit: Compiled (64-bit): Jan 19 2019 02:07:31
LogInit: Compiled with Visual C++: 19.13.26129.00
LogInit: Build Configuration: Development
LogInit: Branch Name: ++UE4+Release-4.21
LogInit: Command Line: 
LogInit: Base Directory: C:/Program Files/Epic Games/UE_4.21/Engine/Binaries/Win64/
LogInit: Installed Engine Build: 1
LogDevObjectVersion: Number of dev versions registered: 22
LogDevObjectVersion:   Dev-Blueprints (B0D832E4-1F89-4F0D-ACCF-7EB736FD4AA2): 10
LogDevObjectVersion:   Dev-Build (E1C64328-A22C-4D53-A36C-8E866417BD8C): 0
LogDevObjectVersion:   Dev-Core (375EC13C-06E4-48FB-B500-84F0262A717E): 2
LogDevObjectVersion:   Dev-Editor (E4B068ED-F494-42E9-A231-DA0B2E46BB41): 26
LogDevObjectVersion:   Dev-Framework (CFFC743F-43B0-4480-9391-14DF171D2073): 34
LogDevObjectVersion:   Dev-Mobile (B02B49B5-BB20-44E9-A304-32B752E40360): 2
LogDevObjectVersion:   Dev-Networking (A4E4105C-59A1-49B5-A7C5-40C4547EDFEE): 0
LogDevObjectVersion:   Dev-Online (39C831C9-5AE6-47DC-9A44-9C173E1C8E7C): 0
LogDevObjectVersion:   Dev-Physics (78F01B33-EBEA-4F98-B9B4-84EACCB95AA2): 0
LogDevObjectVersion:   Dev-Platform (6631380F-2D4D-43E0-8009-CF276956A95A): 0
LogDevObjectVersion:   Dev-Rendering (12F88B9F-8875-4AFC-A67C-D90C383ABD29): 27
LogDevObjectVersion:   Dev-Sequencer (7B5AE74C-D270-4C10-A958-57980B212A5A): 9
LogDevObjectVersion:   Dev-VR (D7296918-1DD6-4BDD-9DE2-64A83CC13884): 2
LogDevObjectVersion:   Dev-LoadTimes (C2A15278-BFE7-4AFE-6C17-90FF531DF755): 1
LogDevObjectVersion:   Private-Geometry (6EACA3D4-40EC-4CC1-B786-8BED09428FC5): 3
LogDevObjectVersion:   Dev-AnimPhys (29E575DD-E0A3-4627-9D10-D276232CDCEA): 17
LogDevObjectVersion:   Dev-Anim (AF43A65D-7FD3-4947-9873-3E8ED9C1BB05): 2
LogDevObjectVersion:   Dev-ReflectionCapture (6B266CEC-1EC7-4B8F-A30B-E4D90942FC07): 1
LogDevObjectVersion:   Dev-Automation (0DF73D61-A23F-47EA-B727-89E90C41499A): 1
LogDevObjectVersion:   FortniteMain (601D1886-AC64-4F84-AA16-D3DE0DEAC7D6): 17
LogDevObjectVersion:   Dev-Enterprise (9DFFBCD6-494F-0158-E221-12823C92A888): 4
LogDevObjectVersion:   Dev-Niagara (F2AED0AC-9AFE-416F-8664-AA7FFA26D6FC): 1
LogStreaming: Display: Took  0.005s to delete old logs.
LogInit: Presizing for max 8388607 objects, including 0 objects not considered by GC, pre-allocating 0 bytes for permanent pool.
LogInit: Object subsystem initialized
LogConfig: Setting CVar [[con.DebugEarlyDefault:1]]
LogConfig: Setting CVar [[r.setres:1280x720]]
[2019.05.30-17.11.17:835][  0]LogConfig: Setting CVar [[r.VSync:0]]
[2019.05.30-17.11.17:835][  0]LogConfig: Setting CVar [[r.RHICmdBypass:0]]
[2019.05.30-17.11.17:835][  0]LogConfig: Applying CVar settings from Section [/Script/Engine.RendererSettings] File [C:/Users/Kylen/Documents/GitHub/ExtraCredits/BlueprintExtraCredit/Saved/Config/Windows/Engine.ini]
[2019.05.30-17.11.17:835][  0]LogConfig: Setting CVar [[r.GPUCrashDebugging:0]]
[2019.05.30-17.11.17:835][  0]LogConfig: Applying CVar settings from Section [/Script/Engine.RendererOverrideSettings] File [C:/Users/Kylen/Documents/GitHub/ExtraCredits/BlueprintExtraCredit/Saved/Config/Windows/Engine.ini]
[2019.05.30-17.11.17:835][  0]LogConfig: Applying CVar settings from Section [/Script/Engine.StreamingSettings] File [C:/Users/Kylen/Documents/GitHub/ExtraCredits/BlueprintExtraCredit/Saved/Config/Windows/Engine.ini]
[2019.05.30-17.11.17:835][  0]LogConfig: Setting CVar [[s.MinBulkDataSizeForAsyncLoading:131072]]
[2019.05.30-17.11.17:835][  0]LogConfig: Setting CVar [[s.AsyncLoadingThreadEnabled:0]]
[2019.05.30-17.11.17:835][  0]LogConfig: Setting CVar [[s.EventDrivenLoaderEnabled:1]]
[2019.05.30-17.11.17:835][  0]LogConfig: Setting CVar [[s.WarnIfTimeLimitExceeded:0]]
[2019.05.30-17.11.17:835][  0]LogConfig: Setting CVar [[s.TimeLimitExceededMultiplier:1.5]]
[2019.05.30-17.11.17:836][  0]LogConfig: Setting CVar [[s.TimeLimitExceededMinTime:0.005]]
[2019.05.30-17.11.17:836][  0]LogConfig: Setting CVar [[s.UseBackgroundLevelStreaming:1]]
[2019.05.30-17.11.17:836][  0]LogConfig: Setting CVar [[s.PriorityAsyncLoadingExtraTime:15.0]]
[2019.05.30-17.11.17:836][  0]LogConfig: Setting CVar [[s.LevelStreamingActorsUpdateTimeLimit:5.0]]
[2019.05.30-17.11.17:836][  0]LogConfig: Setting CVar [[s.PriorityLevelStreamingActorsUpdateExtraTime:5.0]]
[2019.05.30-17.11.17:836][  0]LogConfig: Setting CVar [[s.LevelStreamingComponentsRegistrationGranularity:10]]
[2019.05.30-17.11.17:836][  0]LogConfig: Setting CVar [[s.UnregisterComponentsTimeLimit:1.0]]
[2019.05.30-17.11.17:836][  0]LogConfig: Setting CVar [[s.LevelStreamingComponentsUnregistrationGranularity:5]]
[2019.05.30-17.11.17:836][  0]LogConfig: Applying CVar settings from Section [/Script/Engine.GarbageCollectionSettings] File [C:/Users/Kylen/Documents/GitHub/ExtraCredits/BlueprintExtraCredit/Saved/Config/Windows/Engine.ini]
[2019.05.30-17.11.17:836][  0]LogConfig: Setting CVar [[gc.MaxObjectsNotConsideredByGC:1]]
[2019.05.30-17.11.17:836][  0]LogConfig: Setting CVar [[gc.SizeOfPermanentObjectPool:0]]
[2019.05.30-17.11.17:836][  0]LogConfig: Setting CVar [[gc.FlushStreamingOnGC:0]]
[2019.05.30-17.11.17:836][  0]LogConfig: Setting CVar [[gc.NumRetriesBeforeForcingGC:10]]
[2019.05.30-17.11.17:836][  0]LogConfig: Setting CVar [[gc.AllowParallelGC:1]]
[2019.05.30-17.11.17:836][  0]LogConfig: Setting CVar [[gc.TimeBetweenPurgingPendingKillObjects:61.1]]
[2019.05.30-17.11.17:836][  0]LogConfig: Setting CVar [[gc.MaxObjectsInEditor:8388607]]
[2019.05.30-17.11.17:836][  0]LogConfig: Setting CVar [[gc.IncrementalBeginDestroyEnabled:1]]
[2019.05.30-17.11.17:836][  0]LogConfig: Setting CVar [[gc.CreateGCClusters:1]]
[2019.05.30-17.11.17:836][  0]LogConfig: Setting CVar [[gc.MergeGCClusters:0]]
[2019.05.30-17.11.17:836][  0]LogConfig: Setting CVar [[gc.MinGCClusterSize:5]]
[2019.05.30-17.11.17:836][  0]LogConfig: Setting CVar [[gc.ActorClusteringEnabled:0]]
[2019.05.30-17.11.17:836][  0]LogConfig: Setting CVar [[gc.BlueprintClusteringEnabled:0]]
[2019.05.30-17.11.17:836][  0]LogConfig: Setting CVar [[gc.UseDisregardForGCOnDedicatedServers:0]]
[2019.05.30-17.11.17:836][  0]LogConfig: Applying CVar settings from Section [/Script/Engine.NetworkSettings] File [C:/Users/Kylen/Documents/GitHub/ExtraCredits/BlueprintExtraCredit/Saved/Config/Windows/Engine.ini]
[2019.05.30-17.11.17:836][  0]LogConfig: Applying CVar settings from Section [/Script/UnrealEd.CookerSettings] File [C:/Users/Kylen/Documents/GitHub/ExtraCredits/BlueprintExtraCredit/Saved/Config/Windows/Engine.ini]
[2019.05.30-17.11.17:844][  0]LogConfig: Applying CVar settings from Section [ViewDistanceQuality@3] File [C:/Users/Kylen/Documents/GitHub/ExtraCredits/BlueprintExtraCredit/Saved/Config/Windows/Scalability.ini]
[2019.05.30-17.11.17:844][  0]LogConfig: Setting CVar [[r.SkeletalMeshLODBias:0]]
[2019.05.30-17.11.17:844][  0]LogConfig: Setting CVar [[r.ViewDistanceScale:1.0]]
[2019.05.30-17.11.17:844][  0]LogConfig: Applying CVar settings from Section [AntiAliasingQuality@3] File [C:/Users/Kylen/Documents/GitHub/ExtraCredits/BlueprintExtraCredit/Saved/Config/Windows/Scalability.ini]
[2019.05.30-17.11.17:844][  0]LogConfig: Setting CVar [[r.PostProcessAAQuality:4]]
[2019.05.30-17.11.17:844][  0]LogConfig: Applying CVar settings from Section [ShadowQuality@3] File [C:/Users/Kylen/Documents/GitHub/ExtraCredits/BlueprintExtraCredit/Saved/Config/Windows/Scalability.ini]
[2019.05.30-17.11.17:844][  0]LogConfig: Setting CVar [[r.LightFunctionQuality:1]]
[2019.05.30-17.11.17:844][  0]LogConfig: Setting CVar [[r.ShadowQuality:5]]
[2019.05.30-17.11.17:844][  0]LogConfig: Setting CVar [[r.Shadow.CSM.MaxCascades:10]]
[2019.05.30-17.11.17:844][  0]LogConfig: Setting CVar [[r.Shadow.MaxResolution:2048]]
[2019.05.30-17.11.17:844][  0]LogConfig: Setting CVar [[r.Shadow.MaxCSMResolution:2048]]
[2019.05.30-17.11.17:844][  0]LogConfig: Setting CVar [[r.Shadow.RadiusThreshold:0.01]]
[2019.05.30-17.11.17:844][  0]LogConfig: Setting CVar [[r.Shadow.DistanceScale:1.0]]
[2019.05.30-17.11.17:844][  0]LogConfig: Setting CVar [[r.Shadow.CSM.TransitionScale:1.0]]
[2019.05.30-17.11.17:844][  0]LogConfig: Setting CVar [[r.Shadow.PreShadowResolutionFactor:1.0]]
[2019.05.30-17.11.17:844][  0]LogConfig: Setting CVar [[r.DistanceFieldShadowing:1]]
[2019.05.30-17.11.17:844][  0]LogConfig: Setting CVar [[r.DistanceFieldAO:1]]
[2019.05.30-17.11.17:844][  0]LogConfig: Setting CVar [[r.AOQuality:2]]
[2019.05.30-17.11.17:844][  0]LogConfig: Setting CVar [[r.VolumetricFog:1]]
[2019.05.30-17.11.17:844][  0]LogConfig: Setting CVar [[r.VolumetricFog.GridPixelSize:8]]
[2019.05.30-17.11.17:844][  0]LogConfig: Setting CVar [[r.VolumetricFog.GridSizeZ:128]]
[2019.05.30-17.11.17:844][  0]LogConfig: Setting CVar [[r.VolumetricFog.HistoryMissSupersampleCount:4]]
[2019.05.30-17.11.17:844][  0]LogConfig: Setting CVar [[r.LightMaxDrawDistanceScale:1]]
[2019.05.30-17.11.17:844][  0]LogConfig: Setting CVar [[r.CapsuleShadows:1]]
[2019.05.30-17.11.17:844][  0]LogConfig: Applying CVar settings from Section [PostProcessQuality@3] File [C:/Users/Kylen/Documents/GitHub/ExtraCredits/BlueprintExtraCredit/Saved/Config/Windows/Scalability.ini]
[2019.05.30-17.11.17:844][  0]LogConfig: Setting CVar [[r.MotionBlurQuality:4]]
[2019.05.30-17.11.17:844][  0]LogConfig: Setting CVar [[r.AmbientOcclusionMipLevelFactor:0.4]]
[2019.05.30-17.11.17:844][  0]LogConfig: Setting CVar [[r.AmbientOcclusionMaxQuality:100]]
[2019.05.30-17.11.17:844][  0]LogConfig: Setting CVar [[r.AmbientOcclusionLevels:-1]]
[2019.05.30-17.11.17:844][  0]LogConfig: Setting CVar [[r.AmbientOcclusionRadiusScale:1.0]]
[2019.05.30-17.11.17:844][  0]LogConfig: Setting CVar [[r.DepthOfFieldQuality:2]]
[2019.05.30-17.11.17:844][  0]LogConfig: Setting CVar [[r.RenderTargetPoolMin:400]]
[2019.05.30-17.11.17:844][  0]LogConfig: Setting CVar [[r.LensFlareQuality:2]]
[2019.05.30-17.11.17:844][  0]LogConfig: Setting CVar [[r.SceneColorFringeQuality:1]]
[2019.05.30-17.11.17:844][  0]LogConfig: Setting CVar [[r.EyeAdaptationQuality:2]]
[2019.05.30-17.11.17:844][  0]LogConfig: Setting CVar [[r.BloomQuality:5]]
[2019.05.30-17.11.17:844][  0]LogConfig: Setting CVar [[r.FastBlurThreshold:100]]
[2019.05.30-17.11.17:844][  0]LogConfig: Setting CVar [[r.Upscale.Quality:3]]
[2019.05.30-17.11.17:844][  0]LogConfig: Setting CVar [[r.Tonemapper.GrainQuantization:1]]
[2019.05.30-17.11.17:844][  0]LogConfig: Setting CVar [[r.LightShaftQuality:1]]
[2019.05.30-17.11.17:844][  0]LogConfig: Setting CVar [[r.Filter.SizeScale:1]]
[2019.05.30-17.11.17:844][  0]LogConfig: Setting CVar [[r.Tonemapper.Quality:5]]
[2019.05.30-17.11.17:844][  0]LogConfig: Setting CVar [[r.DOF.Gather.AccumulatorQuality:1        ; higher gathering accumulator quality]]
[2019.05.30-17.11.17:844][  0]LogConfig: Setting CVar [[r.DOF.Gather.PostfilterMethod:1          ; Median3x3 postfilering method]]
[2019.05.30-17.11.17:844][  0]LogConfig: Setting CVar [[r.DOF.Gather.EnableBokehSettings:0       ; no bokeh simulation when gathering]]
[2019.05.30-17.11.17:844][  0]LogConfig: Setting CVar [[r.DOF.Gather.RingCount:4                 ; medium number of samples when gathering]]
[2019.05.30-17.11.17:844][  0]LogConfig: Setting CVar [[r.DOF.Scatter.ForegroundCompositing:1    ; additive foreground scattering]]
[2019.05.30-17.11.17:844][  0]LogConfig: Setting CVar [[r.DOF.Scatter.BackgroundCompositing:2    ; additive background scattering]]
[2019.05.30-17.11.17:844][  0]LogConfig: Setting CVar [[r.DOF.Scatter.EnableBokehSettings:1      ; bokeh simulation when scattering]]
[2019.05.30-17.11.17:844][  0]LogConfig: Setting CVar [[r.DOF.Scatter.MaxSpriteRatio:0.1         ; only a maximum of 10% of scattered bokeh]]
[2019.05.30-17.11.17:844][  0]LogConfig: Setting CVar [[r.DOF.Recombine.Quality:1                ; cheap slight out of focus]]
[2019.05.30-17.11.17:844][  0]LogConfig: Setting CVar [[r.DOF.Recombine.EnableBokehSettings:0    ; no bokeh simulation on slight out of focus]]
[2019.05.30-17.11.17:844][  0]LogConfig: Setting CVar [[r.DOF.TemporalAAQuality:1                ; more stable temporal accumulation]]
[2019.05.30-17.11.17:844][  0]LogConfig: Setting CVar [[r.DOF.Kernel.MaxForegroundRadius:0.025]]
[2019.05.30-17.11.17:844][  0]LogConfig: Setting CVar [[r.DOF.Kernel.MaxBackgroundRadius:0.025]]
[2019.05.30-17.11.17:844][  0]LogConfig: Applying CVar settings from Section [TextureQuality@3] File [C:/Users/Kylen/Documents/GitHub/ExtraCredits/BlueprintExtraCredit/Saved/Config/Windows/Scalability.ini]
[2019.05.30-17.11.17:844][  0]LogConfig: Setting CVar [[r.Streaming.MipBias:0]]
[2019.05.30-17.11.17:844][  0]LogConfig: Setting CVar [[r.Streaming.AmortizeCPUToGPUCopy:0]]
[2019.05.30-17.11.17:844][  0]LogConfig: Setting CVar [[r.Streaming.MaxNumTexturesToStreamPerFrame:0]]
[2019.05.30-17.11.17:844][  0]LogConfig: Setting CVar [[r.Streaming.Boost:1]]
[2019.05.30-17.11.17:844][  0]LogConfig: Setting CVar [[r.MaxAnisotropy:8]]
[2019.05.30-17.11.17:845][  0]LogConfig: Setting CVar [[r.Streaming.LimitPoolSizeToVRAM:0]]
[2019.05.30-17.11.17:845][  0]LogConfig: Setting CVar [[r.Streaming.PoolSize:1000]]
[2019.05.30-17.11.17:845][  0]LogConfig: Setting CVar [[r.Streaming.MaxEffectiveScreenSize:0]]
[2019.05.30-17.11.17:845][  0]LogConfig: Applying CVar settings from Section [EffectsQuality@3] File [C:/Users/Kylen/Documents/GitHub/ExtraCredits/BlueprintExtraCredit/Saved/Config/Windows/Scalability.ini]
[2019.05.30-17.11.17:845][  0]LogConfig: Setting CVar [[r.TranslucencyLightingVolumeDim:64]]
[2019.05.30-17.11.17:845][  0]LogConfig: Setting CVar [[r.RefractionQuality:2]]
[2019.05.30-17.11.17:845][  0]LogConfig: Setting CVar [[r.SSR.Quality:3]]
[2019.05.30-17.11.17:845][  0]LogConfig: Setting CVar [[r.SceneColorFormat:4]]
[2019.05.30-17.11.17:845][  0]LogConfig: Setting CVar [[r.DetailMode:2]]
[2019.05.30-17.11.17:845][  0]LogConfig: Setting CVar [[r.TranslucencyVolumeBlur:1]]
[2019.05.30-17.11.17:845][  0]LogConfig: Setting CVar [[r.MaterialQualityLevel:1 ; High quality]]
[2019.05.30-17.11.17:845][  0]LogConfig: Setting CVar [[r.SSS.Scale:1]]
[2019.05.30-17.11.17:845][  0]LogConfig: Setting CVar [[r.SSS.SampleSet:2]]
[2019.05.30-17.11.17:845][  0]LogConfig: Setting CVar [[r.SSS.Quality:1]]
[2019.05.30-17.11.17:845][  0]LogConfig: Setting CVar [[r.SSS.HalfRes:1]]
[2019.05.30-17.11.17:845][  0]LogConfig: Setting CVar [[r.EmitterSpawnRateScale:1.0]]
[2019.05.30-17.11.17:845][  0]LogConfig: Setting CVar [[r.ParticleLightQuality:2]]
[2019.05.30-17.11.17:845][  0]LogConfig: Applying CVar settings from Section [FoliageQuality@3] File [C:/Users/Kylen/Documents/GitHub/ExtraCredits/BlueprintExtraCredit/Saved/Config/Windows/Scalability.ini]
[2019.05.30-17.11.17:845][  0]LogConfig: Setting CVar [[foliage.DensityScale:1.0]]
[2019.05.30-17.11.17:845][  0]LogConfig: Setting CVar [[grass.DensityScale:1.0]]
[2019.05.30-17.11.17:845][  0]LogInit: Selected Device Profile: [Windows]
[2019.05.30-17.11.17:845][  0]LogInit: Applying CVar settings loaded from the selected device profile: [Windows]
[2019.05.30-17.11.17:860][  0]LogHAL: Display: Platform has ~ 16 GB [17106100224 / 17179869184 / 16], which maps to Larger [LargestMinGB=32, LargerMinGB=12, DefaultMinGB=8, SmallerMinGB=6, SmallestMinGB=0)
[2019.05.30-17.11.17:860][  0]LogConfig: Setting CVar [[r.Vulkan.UseRealUBs:1]]
[2019.05.30-17.11.17:860][  0]LogInit: Going up to parent DeviceProfile []
[2019.05.30-17.11.17:861][  0]LogConfig: Applying CVar settings from Section [ViewDistanceQuality@3] File [C:/Users/Kylen/Documents/GitHub/ExtraCredits/BlueprintExtraCredit/Saved/Config/Windows/Scalability.ini]
[2019.05.30-17.11.17:861][  0]LogConfig: Setting CVar [[r.SkeletalMeshLODBias:0]]
[2019.05.30-17.11.17:861][  0]LogConfig: Setting CVar [[r.ViewDistanceScale:1.0]]
[2019.05.30-17.11.17:861][  0]LogConfig: Applying CVar settings from Section [AntiAliasingQuality@3] File [C:/Users/Kylen/Documents/GitHub/ExtraCredits/BlueprintExtraCredit/Saved/Config/Windows/Scalability.ini]
[2019.05.30-17.11.17:861][  0]LogConfig: Setting CVar [[r.PostProcessAAQuality:4]]
[2019.05.30-17.11.17:861][  0]LogConfig: Applying CVar settings from Section [ShadowQuality@3] File [C:/Users/Kylen/Documents/GitHub/ExtraCredits/BlueprintExtraCredit/Saved/Config/Windows/Scalability.ini]
[2019.05.30-17.11.17:861][  0]LogConfig: Setting CVar [[r.LightFunctionQuality:1]]
[2019.05.30-17.11.17:861][  0]LogConfig: Setting CVar [[r.ShadowQuality:5]]
[2019.05.30-17.11.17:861][  0]LogConfig: Setting CVar [[r.Shadow.CSM.MaxCascades:10]]
[2019.05.30-17.11.17:861][  0]LogConfig: Setting CVar [[r.Shadow.MaxResolution:2048]]
[2019.05.30-17.11.17:861][  0]LogConfig: Setting CVar [[r.Shadow.MaxCSMResolution:2048]]
[2019.05.30-17.11.17:861][  0]LogConfig: Setting CVar [[r.Shadow.RadiusThreshold:0.01]]
[2019.05.30-17.11.17:861][  0]LogConfig: Setting CVar [[r.Shadow.DistanceScale:1.0]]
[2019.05.30-17.11.17:861][  0]LogConfig: Setting CVar [[r.Shadow.CSM.TransitionScale:1.0]]
[2019.05.30-17.11.17:861][  0]LogConfig: Setting CVar [[r.Shadow.PreShadowResolutionFactor:1.0]]
[2019.05.30-17.11.17:861][  0]LogConfig: Setting CVar [[r.DistanceFieldShadowing:1]]
[2019.05.30-17.11.17:861][  0]LogConfig: Setting CVar [[r.DistanceFieldAO:1]]
[2019.05.30-17.11.17:861][  0]LogConfig: Setting CVar [[r.AOQuality:2]]
[2019.05.30-17.11.17:861][  0]LogConfig: Setting CVar [[r.VolumetricFog:1]]
[2019.05.30-17.11.17:861][  0]LogConfig: Setting CVar [[r.VolumetricFog.GridPixelSize:8]]
[2019.05.30-17.11.17:861][  0]LogConfig: Setting CVar [[r.VolumetricFog.GridSizeZ:128]]
[2019.05.30-17.11.17:861][  0]LogConfig: Setting CVar [[r.VolumetricFog.HistoryMissSupersampleCount:4]]
[2019.05.30-17.11.17:861][  0]LogConfig: Setting CVar [[r.LightMaxDrawDistanceScale:1]]
[2019.05.30-17.11.17:861][  0]LogConfig: Setting CVar [[r.CapsuleShadows:1]]
[2019.05.30-17.11.17:861][  0]LogConfig: Applying CVar settings from Section [PostProcessQuality@3] File [C:/Users/Kylen/Documents/GitHub/ExtraCredits/BlueprintExtraCredit/Saved/Config/Windows/Scalability.ini]
[2019.05.30-17.11.17:861][  0]LogConfig: Setting CVar [[r.MotionBlurQuality:4]]
[2019.05.30-17.11.17:861][  0]LogConfig: Setting CVar [[r.AmbientOcclusionMipLevelFactor:0.4]]
[2019.05.30-17.11.17:861][  0]LogConfig: Setting CVar [[r.AmbientOcclusionMaxQuality:100]]
[2019.05.30-17.11.17:861][  0]LogConfig: Setting CVar [[r.AmbientOcclusionLevels:-1]]
[2019.05.30-17.11.17:861][  0]LogConfig: Setting CVar [[r.AmbientOcclusionRadiusScale:1.0]]
[2019.05.30-17.11.17:861][  0]LogConfig: Setting CVar [[r.DepthOfFieldQuality:2]]
[2019.05.30-17.11.17:861][  0]LogConfig: Setting CVar [[r.RenderTargetPoolMin:400]]
[2019.05.30-17.11.17:861][  0]LogConfig: Setting CVar [[r.LensFlareQuality:2]]
[2019.05.30-17.11.17:861][  0]LogConfig: Setting CVar [[r.SceneColorFringeQuality:1]]
[2019.05.30-17.11.17:861][  0]LogConfig: Setting CVar [[r.EyeAdaptationQuality:2]]
[2019.05.30-17.11.17:861][  0]LogConfig: Setting CVar [[r.BloomQuality:5]]
[2019.05.30-17.11.17:861][  0]LogConfig: Setting CVar [[r.FastBlurThreshold:100]]
[2019.05.30-17.11.17:861][  0]LogConfig: Setting CVar [[r.Upscale.Quality:3]]
[2019.05.30-17.11.17:861][  0]LogConfig: Setting CVar [[r.Tonemapper.GrainQuantization:1]]
[2019.05.30-17.11.17:861][  0]LogConfig: Setting CVar [[r.LightShaftQuality:1]]
[2019.05.30-17.11.17:861][  0]LogConfig: Setting CVar [[r.Filter.SizeScale:1]]
[2019.05.30-17.11.17:861][  0]LogConfig: Setting CVar [[r.Tonemapper.Quality:5]]
[2019.05.30-17.11.17:861][  0]LogConfig: Setting CVar [[r.DOF.Gather.AccumulatorQuality:1        ; higher gathering accumulator quality]]
[2019.05.30-17.11.17:861][  0]LogConfig: Setting CVar [[r.DOF.Gather.PostfilterMethod:1          ; Median3x3 postfilering method]]
[2019.05.30-17.11.17:861][  0]LogConfig: Setting CVar [[r.DOF.Gather.EnableBokehSettings:0       ; no bokeh simulation when gathering]]
[2019.05.30-17.11.17:861][  0]LogConfig: Setting CVar [[r.DOF.Gather.RingCount:4                 ; medium number of samples when gathering]]
[2019.05.30-17.11.17:861][  0]LogConfig: Setting CVar [[r.DOF.Scatter.ForegroundCompositing:1    ; additive foreground scattering]]
[2019.05.30-17.11.17:861][  0]LogConfig: Setting CVar [[r.DOF.Scatter.BackgroundCompositing:2    ; additive background scattering]]
[2019.05.30-17.11.17:861][  0]LogConfig: Setting CVar [[r.DOF.Scatter.EnableBokehSettings:1      ; bokeh simulation when scattering]]
[2019.05.30-17.11.17:861][  0]LogConfig: Setting CVar [[r.DOF.Scatter.MaxSpriteRatio:0.1         ; only a maximum of 10% of scattered bokeh]]
[2019.05.30-17.11.17:861][  0]LogConfig: Setting CVar [[r.DOF.Recombine.Quality:1                ; cheap slight out of focus]]
[2019.05.30-17.11.17:861][  0]LogConfig: Setting CVar [[r.DOF.Recombine.EnableBokehSettings:0    ; no bokeh simulation on slight out of focus]]
[2019.05.30-17.11.17:861][  0]LogConfig: Setting CVar [[r.DOF.TemporalAAQuality:1                ; more stable temporal accumulation]]
[2019.05.30-17.11.17:861][  0]LogConfig: Setting CVar [[r.DOF.Kernel.MaxForegroundRadius:0.025]]
[2019.05.30-17.11.17:861][  0]LogConfig: Setting CVar [[r.DOF.Kernel.MaxBackgroundRadius:0.025]]
[2019.05.30-17.11.17:861][  0]LogConfig: Applying CVar settings from Section [TextureQuality@3] File [C:/Users/Kylen/Documents/GitHub/ExtraCredits/BlueprintExtraCredit/Saved/Config/Windows/Scalability.ini]
[2019.05.30-17.11.17:861][  0]LogConfig: Setting CVar [[r.Streaming.MipBias:0]]
[2019.05.30-17.11.17:862][  0]LogConfig: Setting CVar [[r.Streaming.AmortizeCPUToGPUCopy:0]]
[2019.05.30-17.11.17:862][  0]LogConfig: Setting CVar [[r.Streaming.MaxNumTexturesToStreamPerFrame:0]]
[2019.05.30-17.11.17:862][  0]LogConfig: Setting CVar [[r.Streaming.Boost:1]]
[2019.05.30-17.11.17:862][  0]LogConfig: Setting CVar [[r.MaxAnisotropy:8]]
[2019.05.30-17.11.17:862][  0]LogConfig: Setting CVar [[r.Streaming.LimitPoolSizeToVRAM:0]]
[2019.05.30-17.11.17:862][  0]LogConfig: Setting CVar [[r.Streaming.PoolSize:1000]]
[2019.05.30-17.11.17:862][  0]LogConfig: Setting CVar [[r.Streaming.MaxEffectiveScreenSize:0]]
[2019.05.30-17.11.17:862][  0]LogConfig: Applying CVar settings from Section [EffectsQuality@3] File [C:/Users/Kylen/Documents/GitHub/ExtraCredits/BlueprintExtraCredit/Saved/Config/Windows/Scalability.ini]
[2019.05.30-17.11.17:862][  0]LogConfig: Setting CVar [[r.TranslucencyLightingVolumeDim:64]]
[2019.05.30-17.11.17:862][  0]LogConfig: Setting CVar [[r.RefractionQuality:2]]
[2019.05.30-17.11.17:862][  0]LogConfig: Setting CVar [[r.SSR.Quality:3]]
[2019.05.30-17.11.17:862][  0]LogConfig: Setting CVar [[r.SceneColorFormat:4]]
[2019.05.30-17.11.17:862][  0]LogConfig: Setting CVar [[r.DetailMode:2]]
[2019.05.30-17.11.17:862][  0]LogConfig: Setting CVar [[r.TranslucencyVolumeBlur:1]]
[2019.05.30-17.11.17:862][  0]LogConfig: Setting CVar [[r.MaterialQualityLevel:1 ; High quality]]
[2019.05.30-17.11.17:862][  0]LogConfig: Setting CVar [[r.SSS.Scale:1]]
[2019.05.30-17.11.17:862][  0]LogConfig: Setting CVar [[r.SSS.SampleSet:2]]
[2019.05.30-17.11.17:862][  0]LogConfig: Setting CVar [[r.SSS.Quality:1]]
[2019.05.30-17.11.17:862][  0]LogConfig: Setting CVar [[r.SSS.HalfRes:1]]
[2019.05.30-17.11.17:862][  0]LogConfig: Setting CVar [[r.EmitterSpawnRateScale:1.0]]
[2019.05.30-17.11.17:862][  0]LogConfig: Setting CVar [[r.ParticleLightQuality:2]]
[2019.05.30-17.11.17:862][  0]LogConfig: Applying CVar settings from Section [FoliageQuality@3] File [C:/Users/Kylen/Documents/GitHub/ExtraCredits/BlueprintExtraCredit/Saved/Config/Windows/Scalability.ini]
[2019.05.30-17.11.17:862][  0]LogConfig: Setting CVar [[foliage.DensityScale:1.0]]
[2019.05.30-17.11.17:862][  0]LogConfig: Setting CVar [[grass.DensityScale:1.0]]
[2019.05.30-17.11.17:862][  0]LogConfig: Applying CVar settings from Section [Startup] File [../../../Engine/Config/ConsoleVariables.ini]
[2019.05.30-17.11.17:862][  0]LogConfig: Setting CVar [[net.UseAdaptiveNetUpdateFrequency:0]]
[2019.05.30-17.11.17:862][  0]LogConfig: Applying CVar settings from Section [ConsoleVariables] File [C:/Users/Kylen/Documents/GitHub/ExtraCredits/BlueprintExtraCredit/Saved/Config/Windows/Engine.ini]
[2019.05.30-17.11.17:863][  0]LogInit: Computer: DESKTOP-CADNUSQ
[2019.05.30-17.11.17:863][  0]LogInit: User: Kylen
[2019.05.30-17.11.17:863][  0]LogInit: CPU Page size=4096, Cores=4
[2019.05.30-17.11.17:863][  0]LogInit: High frequency timer resolution =2.648434 MHz
[2019.05.30-17.11.17:863][  0]LogMemory: Memory total: Physical=15.9GB (16GB approx)
[2019.05.30-17.11.17:863][  0]LogMemory: Platform Memory Stats for Windows
[2019.05.30-17.11.17:863][  0]LogMemory: Process Physical Memory: 102.18 MB used, 102.18 MB peak
[2019.05.30-17.11.17:863][  0]LogMemory: Process Virtual Memory: 84.93 MB used, 84.93 MB peak
[2019.05.30-17.11.17:863][  0]LogMemory: Physical Memory: 7433.73 MB used,  8879.91 MB free, 16313.65 MB total
[2019.05.30-17.11.17:863][  0]LogMemory: Virtual Memory: 4633.93 MB used,  134213096.00 MB free, 134217728.00 MB total
[2019.05.30-17.11.17:899][  0]LogInit: Using OS detected language (en-US).
[2019.05.30-17.11.17:900][  0]LogInit: Using OS detected locale (en-US).
[2019.05.30-17.11.17:901][  0]LogTextLocalizationManager: No specific localization for 'en-US' exists, so the 'en' localization will be used.
[2019.05.30-17.11.18:356][  0]LogStreaming: Display: Took  0.457s to InitEngineTextLocalization.
[2019.05.30-17.11.18:356][  0]LogInit: Setting process to per monitor DPI aware
[2019.05.30-17.11.18:404][  0]LogSlate: New Slate User Created.  User Index 0, Is Virtual User: 0
[2019.05.30-17.11.18:404][  0]LogSlate: Slate User Registered.  User Index 0, Is Virtual User: 0
[2019.05.30-17.11.18:706][  0]LogHMD: Failed to initialize OpenVR with code 110
[2019.05.30-17.11.18:706][  0]LogD3D11RHI: D3D11 adapters:
[2019.05.30-17.11.18:735][  0]LogD3D11RHI:    0. 'NVIDIA GeForce GTX 1060 6GB' (Feature Level 11_0)
[2019.05.30-17.11.18:735][  0]LogD3D11RHI:       6100/0/8156 MB DedicatedVideo/DedicatedSystem/SharedSystem, Outputs:2, VendorId:0x10de
[2019.05.30-17.11.18:738][  0]LogD3D11RHI:    1. 'Microsoft Basic Render Driver' (Feature Level 11_0)
[2019.05.30-17.11.18:738][  0]LogD3D11RHI:       0/0/8156 MB DedicatedVideo/DedicatedSystem/SharedSystem, Outputs:0, VendorId:0x1414
[2019.05.30-17.11.18:738][  0]LogD3D11RHI: Chosen D3D11 Adapter: 0
[2019.05.30-17.11.18:747][  0]LogD3D11RHI: Creating new Direct3DDevice
[2019.05.30-17.11.18:747][  0]LogD3D11RHI:     GPU DeviceId: 0x1c03 (for the marketing name, search the web for "GPU Device Id")
[2019.05.30-17.11.18:747][  0]LogWindows: EnumDisplayDevices:
[2019.05.30-17.11.18:747][  0]LogWindows:    0. 'NVIDIA GeForce GTX 1060 6GB' (P:1 D:1)
[2019.05.30-17.11.18:748][  0]LogWindows:    1. 'NVIDIA GeForce GTX 1060 6GB' (P:0 D:1)
[2019.05.30-17.11.18:748][  0]LogWindows:    2. 'NVIDIA GeForce GTX 1060 6GB' (P:0 D:0)
[2019.05.30-17.11.18:749][  0]LogWindows:    3. 'NVIDIA GeForce GTX 1060 6GB' (P:0 D:0)
[2019.05.30-17.11.18:749][  0]LogWindows: DebugString: FoundDriverCount:4 
[2019.05.30-17.11.18:749][  0]LogD3D11RHI:     Adapter Name: NVIDIA GeForce GTX 1060 6GB
[2019.05.30-17.11.18:749][  0]LogD3D11RHI:   Driver Version: 375.63 (internal:21.21.13.7563, unified:375.63)
[2019.05.30-17.11.18:749][  0]LogD3D11RHI:      Driver Date: 10-21-2016
[2019.05.30-17.11.18:749][  0]LogRHI: Texture pool is 4270 MB (70% of 6100 MB)
[2019.05.30-17.11.18:768][  0]LogD3D11RHI: Async texture creation enabled
[2019.05.30-17.11.18:779][  0]LogD3D11RHI: GPU Timing Frequency: 1000.000000 (Debug: 2 1)
[2019.05.30-17.11.19:289][  0]LogTemp: Display: Loaded TP AllDesktopTargetPlatform
[2019.05.30-17.11.19:304][  0]LogTemp: Display: Loaded TP MacClientTargetPlatform
[2019.05.30-17.11.19:319][  0]LogTemp: Display: Loaded TP MacNoEditorTargetPlatform
[2019.05.30-17.11.19:334][  0]LogTemp: Display: Loaded TP MacServerTargetPlatform
[2019.05.30-17.11.19:351][  0]LogTemp: Display: Loaded TP MacTargetPlatform
[2019.05.30-17.11.19:372][  0]LogTemp: Display: Loaded TP WindowsClientTargetPlatform
[2019.05.30-17.11.19:388][  0]LogTemp: Display: Loaded TP WindowsNoEditorTargetPlatform
[2019.05.30-17.11.19:404][  0]LogTemp: Display: Loaded TP WindowsServerTargetPlatform
[2019.05.30-17.11.19:412][  0]LogTemp: Display: Loaded TP WindowsTargetPlatform
[2019.05.30-17.11.19:500][  0]LogTemp: Display: Loaded TP AndroidTargetPlatform
[2019.05.30-17.11.19:500][  0]LogTemp: Display: Loaded TP AndroidTargetPlatform
[2019.05.30-17.11.19:500][  0]LogTemp: Display: Loaded TP AndroidTargetPlatform
[2019.05.30-17.11.19:500][  0]LogTemp: Display: Loaded TP AndroidTargetPlatform
[2019.05.30-17.11.19:500][  0]LogTemp: Display: Loaded TP AndroidTargetPlatform
[2019.05.30-17.11.19:500][  0]LogTemp: Display: Loaded TP AndroidTargetPlatform
[2019.05.30-17.11.19:500][  0]LogTemp: Display: Loaded TP AndroidTargetPlatform
[2019.05.30-17.11.19:500][  0]LogTemp: Display: Loaded TP AndroidTargetPlatform
[2019.05.30-17.11.19:500][  0]LogTemp: Display: Loaded TP AndroidTargetPlatform
[2019.05.30-17.11.19:500][  0]LogTemp: Display: Loaded TP AndroidTargetPlatform
[2019.05.30-17.11.19:500][  0]LogTemp: Display: Loaded TP AndroidTargetPlatform
[2019.05.30-17.11.19:500][  0]LogTemp: Display: Loaded TP AndroidTargetPlatform
[2019.05.30-17.11.19:500][  0]LogTemp: Display: Loaded TP AndroidTargetPlatform
[2019.05.30-17.11.19:500][  0]LogTemp: Display: Loaded TP AndroidTargetPlatform
[2019.05.30-17.11.19:500][  0]LogTemp: Display: Loaded TP AndroidTargetPlatform
[2019.05.30-17.11.19:500][  0]LogTemp: Display: Loaded TP AndroidTargetPlatform
[2019.05.30-17.11.19:500][  0]LogTemp: Display: Loaded TP AndroidTargetPlatform
[2019.05.30-17.11.19:500][  0]LogTemp: Display: Loaded TP AndroidTargetPlatform
[2019.05.30-17.11.19:502][  0]LogTemp: Display: Loaded TP HTML5TargetPlatform
[2019.05.30-17.11.19:569][  0]LogTemp: Display: Loaded TP IOSTargetPlatform
[2019.05.30-17.11.19:569][  0]LogTemp: Display: Loaded TP IOSTargetPlatform
[2019.05.30-17.11.19:597][  0]LogTemp: Display: Loaded TP TVOSTargetPlatform
[2019.05.30-17.11.19:597][  0]LogTemp: Display: Loaded TP TVOSTargetPlatform
[2019.05.30-17.11.19:612][  0]LogTemp: Display: Loaded TP LinuxClientTargetPlatform
[2019.05.30-17.11.19:627][  0]LogTemp: Display: Loaded TP LinuxNoEditorTargetPlatform
[2019.05.30-17.11.19:643][  0]LogTemp: Display: Loaded TP LinuxServerTargetPlatform
[2019.05.30-17.11.19:659][  0]LogTemp: Display: Loaded TP LinuxTargetPlatform
[2019.05.30-17.11.19:712][  0]LogTemp: Display: Loaded TP LuminTargetPlatform
[2019.05.30-17.11.19:712][  0]LogTemp: Display: Loaded TP LuminTargetPlatform
[2019.05.30-17.11.19:712][  0]LogTargetPlatformManager: Display: Building Assets For Windows
[2019.05.30-17.11.19:795][  0]LogShaderCompilers: Guid format shader working directory is -35 characters bigger than the processId version (../../../../../../Users/Kylen/Documents/GitHub/ExtraCredits/BlueprintExtraCredit/Intermediate/Shaders/WorkingDirectory/12552/).
[2019.05.30-17.11.19:795][  0]LogShaderCompilers: Cleaned the shader compiler working directory 'C:/Users/Kylen/AppData/Local/Temp/UnrealShaderWorkingDir/F369B328492C606C884801961B8754AF/'.
[2019.05.30-17.11.19:799][  0]LogXGEController: Cannot use XGE Controller as Incredibuild is not installed on this machine.
[2019.05.30-17.11.19:799][  0]LogShaderCompilers: Cannot use XGE Shader Compiler as Incredibuild is not installed on this machine.
[2019.05.30-17.11.19:799][  0]LogShaderCompilers: Display: Using Local Shader Compiler.
[2019.05.30-17.11.20:417][  0]LogDerivedDataCache: Display: Max Cache Size: 512 MB
[2019.05.30-17.11.20:473][  0]LogDerivedDataCache: Loaded boot cache 0.06s 71MB C:/Users/Kylen/AppData/Local/UnrealEngine/4.21/DerivedDataCache/Boot.ddc.
[2019.05.30-17.11.20:473][  0]LogDerivedDataCache: Display: Loaded Boot cache: C:/Users/Kylen/AppData/Local/UnrealEngine/4.21/DerivedDataCache/Boot.ddc
[2019.05.30-17.11.20:473][  0]LogDerivedDataCache: FDerivedDataBackendGraph:  Pak pak cache file ../../../../../../Users/Kylen/Documents/GitHub/ExtraCredits/BlueprintExtraCredit/DerivedDataCache/DDC.ddp not found, will not use a pak cache.
[2019.05.30-17.11.20:473][  0]LogDerivedDataCache: Unable to find inner node Pak for hierarchical cache Hierarchy.
[2019.05.30-17.11.20:473][  0]LogDerivedDataCache: FDerivedDataBackendGraph:  CompressedPak pak cache file ../../../../../../Users/Kylen/Documents/GitHub/ExtraCredits/BlueprintExtraCredit/DerivedDataCache/Compressed.ddp not found, will not use a pak cache.
[2019.05.30-17.11.20:473][  0]LogDerivedDataCache: Unable to find inner node CompressedPak for hierarchical cache Hierarchy.
[2019.05.30-17.11.20:491][  0]LogDerivedDataCache: Display: Pak cache opened for reading ../../../Engine/DerivedDataCache/Compressed.ddp.
[2019.05.30-17.11.20:491][  0]LogDerivedDataCache: FDerivedDataBackendGraph:  EnterprisePak pak cache file ../../../Enterprise/DerivedDataCache/Compressed.ddp not found, will not use a pak cache.
[2019.05.30-17.11.20:491][  0]LogDerivedDataCache: Unable to find inner node EnterprisePak for hierarchical cache Hierarchy.
[2019.05.30-17.11.20:504][  0]LogDerivedDataCache: Using Local data cache path C:/Users/Kylen/AppData/Local/UnrealEngine/Common/DerivedDataCache: Writable
[2019.05.30-17.11.20:504][  0]LogDerivedDataCache: Shared data cache path not found in *engine.ini, will not use an Shared cache.
[2019.05.30-17.11.20:504][  0]LogDerivedDataCache: Unable to find inner node Shared for hierarchical cache Hierarchy.
[2019.05.30-17.11.20:530][  0]LogMaterial: Verifying Global Shaders for PCD3D_SM5
[2019.05.30-17.11.20:532][  0]LogSlate: Using FreeType 2.6.0
[2019.05.30-17.11.20:533][  0]LogSlate: SlateFontServices - WITH_FREETYPE: 1, WITH_HARFBUZZ: 1
[2019.05.30-17.11.20:641][  0]LogAssetRegistry: FAssetRegistry took 0.0362 seconds to start up
[2019.05.30-17.11.21:012][  0]LogInit: Selected Device Profile: [Windows]
[2019.05.30-17.11.21:193][  0]LogSimplygon: Simplygon DLL not present - disabling.
[2019.05.30-17.11.21:200][  0]LogMeshReduction: Using SimplygonSwarm for distributed automatic mesh merging
[2019.05.30-17.11.21:200][  0]LogMeshReduction: Using ProxyLODMeshReduction for automatic mesh merging
[2019.05.30-17.11.21:200][  0]LogMeshReduction: Using QuadricMeshReduction for automatic static mesh reduction
[2019.05.30-17.11.21:200][  0]LogMeshReduction: No automatic skeletal mesh reduction module available
[2019.05.30-17.11.21:215][  0]LogNetVersion: BlueprintExtraCredit 1.0.0, NetCL: 4541578, EngineNetVer: 5, GameNetVer: 0 (Checksum: 3025649725)
[2019.05.30-17.11.21:907][  0]LogPackageLocalizationCache: Processed 12 localized package path(s) for 2 prioritized culture(s) in 0.163520 seconds
[2019.05.30-17.11.21:913][  0]LogUObjectArray: 39775 objects as part of root set at end of initial load.
[2019.05.30-17.11.21:913][  0]LogUObjectAllocator: 6914664 out of 0 bytes used by permanent object pool.
[2019.05.30-17.11.21:913][  0]LogUObjectArray: CloseDisregardForGC: 0/0 objects in disregard for GC pool
[2019.05.30-17.11.23:018][  0]LogFMOD: FFMODStudioModule startup
[2019.05.30-17.11.23:018][  0]LogFMOD:  Lib path = '../../../Engine/Plugins/FMODStudio/Binaries'
[2019.05.30-17.11.23:018][  0]LogFMOD: FFMODStudioModule::LoadDll: Loading ../../../Engine/Plugins/FMODStudio/Binaries/Win64/fmodL64.dll
[2019.05.30-17.11.23:023][  0]LogFMOD: FFMODStudioModule::LoadDll: Loading ../../../Engine/Plugins/FMODStudio/Binaries/Win64/fmodstudioL64.dll
[2019.05.30-17.11.23:071][  0]LogFMOD: Loading strings bank: ../../../../../../Users/Kylen/Documents/GitHub/ExtraCredits/BlueprintExtraCredit/Content/FMOD/Desktop/Master Bank.strings.bank
[2019.05.30-17.11.23:073][  0]LogFMOD: Constructing asset: /Game/FMOD/Snapshots/Play_Jenova
[2019.05.30-17.11.23:073][  0]LogFMOD: Constructing asset: /Game/FMOD/Buses/WoodSteps
[2019.05.30-17.11.23:073][  0]LogFMOD: Constructing asset: /Game/FMOD/Snapshots/Metal_Steps
[2019.05.30-17.11.23:074][  0]LogFMOD: Constructing asset: /Game/FMOD/Events/Music_Switcher/J-E-N-O-V-A
[2019.05.30-17.11.23:074][  0]LogFMOD: Constructing asset: /Game/FMOD/Events/Dialog/Test_Dialog_1
[2019.05.30-17.11.23:074][  0]LogFMOD: Constructing asset: /Game/FMOD/Snapshots/Wood_Steps
[2019.05.30-17.11.23:074][  0]LogFMOD: Constructing asset: /Game/FMOD/Banks/Master_Bank
[2019.05.30-17.11.23:074][  0]LogFMOD: Skipping asset: bus:/
[2019.05.30-17.11.23:074][  0]LogFMOD: Constructing asset: /Game/FMOD/Buses/Reverb
[2019.05.30-17.11.23:074][  0]LogFMOD: Constructing asset: /Game/FMOD/Buses/Jenova
[2019.05.30-17.11.23:074][  0]LogFMOD: Constructing asset: /Game/FMOD/Events/Test_Steps/FootSteps
[2019.05.30-17.11.23:074][  0]LogFMOD: Constructing asset: /Game/FMOD/Events/Test_Steps/MetalSteps
[2019.05.30-17.11.23:075][  0]LogFMOD: Constructing asset: /Game/FMOD/Snapshots/Filter
[2019.05.30-17.11.23:075][  0]LogFMOD: Skipping asset: bank:/Master Bank.strings
[2019.05.30-17.11.23:075][  0]LogFMOD: Constructing asset: /Game/FMOD/Buses/F_zero
[2019.05.30-17.11.23:075][  0]LogFMOD: Constructing asset: /Game/FMOD/Buses/Metal_steps
[2019.05.30-17.11.23:075][  0]LogFMOD: Constructing asset: /Game/FMOD/Events/Dialog/Test_Dialog_2
[2019.05.30-17.11.23:075][  0]LogFMOD: Constructing asset: /Game/FMOD/Events/Silly_Button/Button
[2019.05.30-17.11.23:075][  0]LogFMOD: Constructing asset: /Game/FMOD/Snapshots/Play_f_zero
[2019.05.30-17.11.23:075][  0]LogFMOD: Constructing asset: /Game/FMOD/Snapshots/Stop_All_Music
[2019.05.30-17.11.23:076][  0]LogFMOD: Constructing asset: /Game/FMOD/Events/Music_Switcher/F_FUCKING_ZERO_BBY
[2019.05.30-17.11.23:084][  0]LogFMOD: Default sample rate = 48000
[2019.05.30-17.11.23:084][  0]LogFMOD: System sample rate = 48000
[2019.05.30-17.11.23:084][  0]LogFMOD: Matching system sample rate 48000
[2019.05.30-17.11.23:128][  0]LogFMOD: Default sample rate = 48000
[2019.05.30-17.11.23:128][  0]LogFMOD: System sample rate = 48000
[2019.05.30-17.11.23:128][  0]LogFMOD: Matching system sample rate 48000
[2019.05.30-17.11.23:145][  0]LogTcpMessaging: Initializing TcpMessaging bridge
[2019.05.30-17.11.23:160][  0]LogUdpMessaging: Initializing bridge on interface 0.0.0.0:0 to multicast group 230.0.0.1:6666.
[2019.05.30-17.11.24:065][  0]SourceControl: Source control is disabled
[2019.05.30-17.11.24:065][  0]SourceControl: Source control is disabled
[2019.05.30-17.11.24:068][  0]SourceControl: Source control is disabled
[2019.05.30-17.11.24:069][  0]SourceControl: Source control is disabled
[2019.05.30-17.11.24:151][  0]LogFMOD: FFMODStudioEditorModule startup
[2019.05.30-17.11.24:281][  0]LogAndroidPermission: UAndroidPermissionCallbackProxy::GetInstance
[2019.05.30-17.11.24:341][  0]LogOcInput: OculusInput pre-init called
[2019.05.30-17.11.24:483][  0]LogClass: Warning: BoolProperty FFMODAttenuationDetails::bOverrideAttenuation is not initialized properly
[2019.05.30-17.11.24:484][  0]LogClass: Display: 1 Uninitialized script stuct members found
[2019.05.30-17.11.24:484][  0]LogAutomationTest: Warning: BoolProperty FFMODAttenuationDetails::bOverrideAttenuation is not initialized properly
[2019.05.30-17.11.24:488][  0]LogEngine: Initializing Engine...
[2019.05.30-17.11.24:489][  0]LogHMD: Failed to initialize OpenVR with code 110
[2019.05.30-17.11.24:491][  0]LogStats: UGameplayTagsManager::ConstructGameplayTagTree: ImportINI prefixes -  0.000 s
[2019.05.30-17.11.24:491][  0]LogStats: UGameplayTagsManager::ConstructGameplayTagTree: Construct from data asset -  0.000 s
[2019.05.30-17.11.24:491][  0]LogStats: UGameplayTagsManager::ConstructGameplayTagTree: ImportINI -  0.000 s
[2019.05.30-17.11.24:491][  0]LogStats: UGameplayTagsManager::ConstructGameplayTagTree: GameplayTagTreeChangedEvent.Broadcast -  0.000 s
[2019.05.30-17.11.24:755][  0]LogInit: Initializing FReadOnlyCVARCache
[2019.05.30-17.11.24:773][  0]LogAIModule: Creating AISystem for world Untitled
[2019.05.30-17.11.24:870][  0]LogInit: XAudio2 using 'DELL S2415H-8 (NVIDIA High Definition Audio)' : 2 channels at 48 kHz using 16 bits per sample (channel mask 0x3)
[2019.05.30-17.11.24:883][  0]LogInit: FAudioDevice initialized.
[2019.05.30-17.11.24:883][  0]LogNetVersion: Set ProjectVersion to 1.0.0.0. Version Checksum will be recalculated on next use.
[2019.05.30-17.11.25:041][  0]LogDerivedDataCache: Saved boot cache 0.16s 71MB C:/Users/Kylen/AppData/Local/UnrealEngine/4.21/DerivedDataCache/Boot.ddc.
[2019.05.30-17.11.25:054][  0]LogInit: Texture streaming: Enabled
[2019.05.30-17.11.25:080][  0]LogEngineSessionManager: EngineSessionManager initialized
[2019.05.30-17.11.25:101][  0]LogInit: Transaction tracking system initialized
[2019.05.30-17.11.25:136][  0]BlueprintLog: New page: Editor Load
[2019.05.30-17.11.25:241][  0]LocalizationService: Localization service is disabled
[2019.05.30-17.11.25:790][  0]LogFileCache: Scanning file cache for directory 'C:/Users/Kylen/Documents/GitHub/ExtraCredits/BlueprintExtraCredit/Content/' took 0.01s
[2019.05.30-17.11.25:790][  0]LogCook: Display: Max memory allowance for cook 16384mb min free memory 0mb
[2019.05.30-17.11.25:790][  0]LogCook: Display: Mobile HDR setting 1
[2019.05.30-17.11.25:790][  0]LogGameplayTags: Display: UGameplayTagsManager::DoneAddingNativeTags. DelegateIsBound: 0
[2019.05.30-17.11.25:790][  0]LogStats: UGameplayTagsManager::ConstructGameplayTagTree: ImportINI prefixes -  0.000 s
[2019.05.30-17.11.25:790][  0]LogStats: UGameplayTagsManager::ConstructGameplayTagTree: Construct from data asset -  0.000 s
[2019.05.30-17.11.25:790][  0]LogStats: UGameplayTagsManager::ConstructGameplayTagTree: ImportINI -  0.000 s
[2019.05.30-17.11.25:790][  0]LogStats: UGameplayTagsManager::ConstructGameplayTagTree: GameplayTagTreeChangedEvent.Broadcast -  0.000 s
[2019.05.30-17.11.25:955][  0]SourceControl: Source control is disabled
[2019.05.30-17.11.25:955][  0]Cmd: MAP LOAD FILE="../../../Engine/Content/Maps/Templates/Template_Default.umap" TEMPLATE=1 SHOWPROGRESS=1 FEATURELEVEL=3
[2019.05.30-17.11.25:955][  0]LightingResults: New page: Lighting Build
[2019.05.30-17.11.25:959][  0]MapCheck: New page: Map Check
[2019.05.30-17.11.25:959][  0]LightingResults: New page: Lighting Build
[2019.05.30-17.11.26:140][  0]LogAIModule: Creating AISystem for world Untitled_1
[2019.05.30-17.11.26:147][  0]LogEditorServer: Finished looking for orphan Actors (0.000 secs)
[2019.05.30-17.11.26:172][  0]Cmd: MAP CHECKDEP NOCLEARLOG
[2019.05.30-17.11.26:172][  0]MapCheck: Map check complete: 0 Error(s), 0 Warning(s), took 0.168ms to complete.
[2019.05.30-17.11.26:172][  0]LogFileHelpers: Loading map 'Template_Default' took 0.218
[2019.05.30-17.11.26:295][  0]LogSlate: Updating window title bar state: overlay mode, drag disabled, window buttons hidden, title bar hidden
[2019.05.30-17.11.26:307][  0]LogSlate: Updating window title bar state: overlay mode, drag disabled, window buttons hidden, title bar hidden
[2019.05.30-17.11.26:318][  0]LogSlate: Updating window title bar state: overlay mode, drag disabled, window buttons hidden, title bar hidden
[2019.05.30-17.11.26:326][  0]LogSlate: Updating window title bar state: overlay mode, drag disabled, window buttons hidden, title bar hidden
[2019.05.30-17.11.26:334][  0]LogCollectionManager: Loaded 0 collections in 0.002235 seconds
[2019.05.30-17.11.26:375][  0]LogFileCache: Scanning file cache for directory 'C:/Users/Kylen/Documents/GitHub/ExtraCredits/BlueprintExtraCredit/Saved/Collections/' took 0.01s
[2019.05.30-17.11.26:375][  0]LogFileCache: Scanning file cache for directory 'C:/Users/Kylen/Documents/GitHub/ExtraCredits/BlueprintExtraCredit/Content/Developers/Kylen/Collections/' took 0.01s
[2019.05.30-17.11.26:375][  0]LogFileCache: Scanning file cache for directory 'C:/Users/Kylen/Documents/GitHub/ExtraCredits/BlueprintExtraCredit/Content/Collections/' took 0.01s
[2019.05.30-17.11.26:375][  0]LogCollectionManager: Rebuilt the GUID cache for 0 collections in 0.000000 seconds
[2019.05.30-17.11.26:384][  0]LogContentBrowser: Native class hierarchy populated in 0.0092 seconds. Added 2667 classes and 627 folders.
[2019.05.30-17.11.26:392][  0]LogContentBrowser: Native class hierarchy updated for 'WidgetCarousel' in 0.0003 seconds. Added 0 classes and 0 folders.
[2019.05.30-17.11.26:394][  0]LogPakFile: Registered encryption key '00000000000000000000000000000000': 0 pak files mounted, 0 remain pending
[2019.05.30-17.11.26:395][  0]LogPakFile: Registered encryption key '00000000000000000000000000000000': 0 pak files mounted, 0 remain pending
[2019.05.30-17.11.26:396][  0]LogPakFile: Registered encryption key '00000000000000000000000000000000': 0 pak files mounted, 0 remain pending
[2019.05.30-17.11.26:396][  0]LogPakFile: Registered encryption key '00000000000000000000000000000000': 0 pak files mounted, 0 remain pending
[2019.05.30-17.11.26:397][  0]LogPakFile: Registered encryption key '00000000000000000000000000000000': 0 pak files mounted, 0 remain pending
[2019.05.30-17.11.26:398][  0]LogPakFile: Registered encryption key '00000000000000000000000000000000': 0 pak files mounted, 0 remain pending
[2019.05.30-17.11.26:399][  0]LogPakFile: Registered encryption key '00000000000000000000000000000000': 0 pak files mounted, 0 remain pending
[2019.05.30-17.11.26:399][  0]LogPakFile: Registered encryption key '00000000000000000000000000000000': 0 pak files mounted, 0 remain pending
[2019.05.30-17.11.26:400][  0]LogPakFile: Registered encryption key '00000000000000000000000000000000': 0 pak files mounted, 0 remain pending
[2019.05.30-17.11.26:401][  0]LogPakFile: Registered encryption key '00000000000000000000000000000000': 0 pak files mounted, 0 remain pending
[2019.05.30-17.11.26:402][  0]LogPakFile: Registered encryption key '00000000000000000000000000000000': 0 pak files mounted, 0 remain pending
[2019.05.30-17.11.26:402][  0]LogPakFile: Registered encryption key '00000000000000000000000000000000': 0 pak files mounted, 0 remain pending
[2019.05.30-17.11.26:403][  0]LogPakFile: Registered encryption key '00000000000000000000000000000000': 0 pak files mounted, 0 remain pending
[2019.05.30-17.11.26:404][  0]LogPakFile: Registered encryption key '00000000000000000000000000000000': 0 pak files mounted, 0 remain pending
[2019.05.30-17.11.26:404][  0]LogPakFile: Registered encryption key '00000000000000000000000000000000': 0 pak files mounted, 0 remain pending
[2019.05.30-17.11.26:405][  0]LogPakFile: Registered encryption key '00000000000000000000000000000000': 0 pak files mounted, 0 remain pending
[2019.05.30-17.11.26:406][  0]LogPakFile: Registered encryption key '00000000000000000000000000000000': 0 pak files mounted, 0 remain pending
[2019.05.30-17.11.26:406][  0]LogPakFile: Registered encryption key '00000000000000000000000000000000': 0 pak files mounted, 0 remain pending
[2019.05.30-17.11.26:407][  0]LogPakFile: Registered encryption key '00000000000000000000000000000000': 0 pak files mounted, 0 remain pending
[2019.05.30-17.11.26:408][  0]LogPakFile: Registered encryption key '00000000000000000000000000000000': 0 pak files mounted, 0 remain pending
[2019.05.30-17.11.26:408][  0]LogPakFile: Registered encryption key '00000000000000000000000000000000': 0 pak files mounted, 0 remain pending
[2019.05.30-17.11.26:409][  0]LogPakFile: Registered encryption key '00000000000000000000000000000000': 0 pak files mounted, 0 remain pending
[2019.05.30-17.11.26:410][  0]LogPakFile: Registered encryption key '00000000000000000000000000000000': 0 pak files mounted, 0 remain pending
[2019.05.30-17.11.26:410][  0]LogPakFile: Registered encryption key '00000000000000000000000000000000': 0 pak files mounted, 0 remain pending
[2019.05.30-17.11.26:411][  0]LogPakFile: Registered encryption key '00000000000000000000000000000000': 0 pak files mounted, 0 remain pending
[2019.05.30-17.11.26:412][  0]LogPakFile: Registered encryption key '00000000000000000000000000000000': 0 pak files mounted, 0 remain pending
[2019.05.30-17.11.26:468][  0]LogContentBrowser: Native class hierarchy updated for 'AddContentDialog' in 0.0003 seconds. Added 0 classes and 0 folders.
[2019.05.30-17.11.26:475][  0]LogContentBrowser: Native class hierarchy updated for 'SceneOutliner' in 0.0003 seconds. Added 1 classes and 2 folders.
[2019.05.30-17.11.26:486][  0]LogContentBrowser: Native class hierarchy updated for 'WorldBrowser' in 0.0003 seconds. Added 2 classes and 3 folders.
[2019.05.30-17.11.26:557][  0]LogSlate: Took 0.000239 seconds to synchronously load lazily loaded font '../../../Engine/Content/Slate/Fonts/Roboto-Regular.ttf' (155K)
[2019.05.30-17.11.26:560][  0]LogSlate: Took 0.000412 seconds to synchronously load lazily loaded font '../../../Engine/Content/Slate/Fonts/Roboto-Bold.ttf' (160K)
[2019.05.30-17.11.26:566][  0]LogSlate: Took 0.000281 seconds to synchronously load lazily loaded font '../../../Engine/Content/Editor/Slate/Fonts/FontAwesome.ttf' (139K)
[2019.05.30-17.11.26:653][  0]LogRenderer: Reallocating scene render targets to support 1208x580 Format 10 NumSamples 1 (Frame:1).
[2019.05.30-17.11.26:679][  0]LogSlate: Took 0.000267 seconds to synchronously load lazily loaded font '../../../Engine/Content/Slate/Fonts/Roboto-Light.ttf' (167K)
[2019.05.30-17.11.26:793][  0]LogContentBrowser: Native class hierarchy updated for 'HierarchicalLODOutliner' in 0.0003 seconds. Added 0 classes and 0 folders.
[2019.05.30-17.11.26:793][  0]LogLoad: (Engine Initialization) Total time: 11.36 seconds
[2019.05.30-17.11.26:793][  0]LogLoad: (Engine Initialization) Total Blueprint compile time: 0.00 seconds
[2019.05.30-17.11.26:803][  0]LogWindowsTextInputMethodSystem: Display: IME system now deactivated.
[2019.05.30-17.11.26:876][  0]LogContentStreaming: Texture pool size now 1000 MB
[2019.05.30-17.11.26:909][  1]LogFMOD: File has changed: ../../../../../../Users/Kylen/Documents/GitHub/ExtraCredits/BlueprintExtraCredit/Content/FMOD/Desktop/Master Bank.strings.bank
[2019.05.30-17.11.27:016][  1]LogFMOD: Loading strings bank: ../../../../../../Users/Kylen/Documents/GitHub/ExtraCredits/BlueprintExtraCredit/Content/FMOD/Desktop/Master Bank.strings.bank
[2019.05.30-17.11.27:018][  1]LogFMOD: Skipping asset: bus:/
[2019.05.30-17.11.27:018][  1]LogFMOD: Skipping asset: bank:/Master Bank.strings
[2019.05.30-17.11.27:025][  1]LogFMOD: Default sample rate = 48000
[2019.05.30-17.11.27:025][  1]LogFMOD: System sample rate = 48000
[2019.05.30-17.11.27:025][  1]LogFMOD: Matching system sample rate 48000
[2019.05.30-17.11.27:182][  1]LogFMOD: Default sample rate = 48000
[2019.05.30-17.11.27:182][  1]LogFMOD: System sample rate = 48000
[2019.05.30-17.11.27:182][  1]LogFMOD: Matching system sample rate 48000
[2019.05.30-17.11.27:253][  1]LogAssetRegistry: Asset discovery search completed in 6.6348 seconds
[2019.05.30-17.11.27:255][  1]LogCollectionManager: Rebuilt the object cache for 0 collections in 0.000000 seconds (found 0 objects)
[2019.05.30-17.11.27:255][  1]LogCollectionManager: Fixed up redirectors for 0 collections in 0.000082 seconds (updated 0 objects)
[2019.05.30-17.11.42:127][752]LogSlate: FSceneViewport::OnFocusLost() reason 0
[2019.05.30-17.11.42:279][770]LogSlate: Took 0.000245 seconds to synchronously load lazily loaded font '../../../Engine/Content/Slate/Fonts/Roboto-Light.ttf' (167K)
[2019.05.30-17.11.42:670][770]LogAIModule: Creating AISystem for world TestMapGeometry
[2019.05.30-17.11.42:687][770]LogAssetEditorManager: Opening Asset editor for World /Game/Levels/TestMapGeometry.TestMapGeometry
[2019.05.30-17.11.42:715][770]Cmd: MAP LOAD FILE="../../../../../../Users/Kylen/Documents/GitHub/ExtraCredits/BlueprintExtraCredit/Content/Levels/TestMapGeometry.umap" TEMPLATE=0 SHOWPROGRESS=1 FEATURELEVEL=3
[2019.05.30-17.11.42:716][770]LightingResults: New page: Lighting Build
[2019.05.30-17.11.42:716][770]LoadErrors: New page: Loading map: TestMapGeometry.umap
[2019.05.30-17.11.42:717][770]MapCheck: New page: Map Check
[2019.05.30-17.11.42:717][770]LightingResults: New page: Lighting Build
[2019.05.30-17.11.42:843][770]LogEditorServer: Finished looking for orphan Actors (0.000 secs)
[2019.05.30-17.11.42:899][770]Cmd: MAP CHECKDEP NOCLEARLOG
[2019.05.30-17.11.42:901][770]MapCheck: Map check complete: 0 Error(s), 0 Warning(s), took 1.562ms to complete.
[2019.05.30-17.11.42:901][770]LogFileHelpers: Loading map 'TestMapGeometry' took 0.187
[2019.05.30-17.11.43:879][877]LogEditorViewport: Clicking on Actor (LMB): StaticMeshActor (MiscTheater_Step_48)
[2019.05.30-17.11.45:214][ 30]LogSlate: FSceneViewport::OnFocusLost() reason 0
[2019.05.30-17.11.45:313][ 42]LogTemp: Repeating last play command: Selected Viewport
[2019.05.30-17.11.45:327][ 42]LogBlueprintUserMessages: Early PlayInEditor Detection: Level '/Game/Levels/TestMapGeometry.TestMapGeometry:PersistentLevel' has LevelScriptBlueprint '/Game/Levels/TestMapGeometry.TestMapGeometry:PersistentLevel.TestMapGeometry' with GeneratedClass '/Game/Levels/TestMapGeometry.TestMapGeometry_C' with ClassGeneratedBy '/Game/Levels/TestMapGeometry.TestMapGeometry:PersistentLevel.TestMapGeometry'
[2019.05.30-17.11.45:357][ 42]LogFMOD: Creating runtime Studio System
[2019.05.30-17.11.45:362][ 42]LogFMOD: Default sample rate = 48000
[2019.05.30-17.11.45:363][ 42]LogFMOD: System sample rate = 48000
[2019.05.30-17.11.45:363][ 42]LogFMOD: Matching system sample rate 48000
[2019.05.30-17.11.45:375][ 42]LogFMOD: Loading Banks
[2019.05.30-17.11.45:418][ 42]LogPlayLevel: PlayLevel: No blueprints needed recompiling
[2019.05.30-17.11.45:418][ 42]PIE: New page: PIE session: TestMapGeometry (May 30, 2019, 5:11:45 AM)
[2019.05.30-17.11.45:431][ 42]LogPlayLevel: Creating play world package: /Game/Levels/UEDPIE_0_TestMapGeometry
[2019.05.30-17.11.45:465][ 42]LogPlayLevel: PIE: StaticDuplicateObject took: (0.033777s)
[2019.05.30-17.11.45:466][ 42]LogAIModule: Creating AISystem for world TestMapGeometry
[2019.05.30-17.11.45:466][ 42]LogPlayLevel: PIE: World Init took: (0.000742s)
[2019.05.30-17.11.45:466][ 42]LogPlayLevel: PIE: Created PIE world by copying editor world from /Game/Levels/TestMapGeometry.TestMapGeometry to /Game/Levels/UEDPIE_0_TestMapGeometry.TestMapGeometry (0.035126s)
[2019.05.30-17.11.45:517][ 42]LogInit: XAudio2 using 'DELL S2415H-8 (NVIDIA High Definition Audio)' : 2 channels at 48 kHz using 16 bits per sample (channel mask 0x3)
[2019.05.30-17.11.45:527][ 42]LogInit: FAudioDevice initialized.
[2019.05.30-17.11.45:569][ 42]LogLoad: Game class is 'BP_GameMode_C'
[2019.05.30-17.11.45:583][ 42]LogWorld: Bringing World /Game/Levels/UEDPIE_0_TestMapGeometry.TestMapGeometry up for play (max tick rate 0) at 2019.05.30-11.11.45
[2019.05.30-17.11.45:584][ 42]LogWorld: Bringing up level for play took: 0.013389
[2019.05.30-17.11.45:603][ 42]LogContentBrowser: Native class hierarchy updated for 'MovieSceneCapture' in 0.0004 seconds. Added 20 classes and 0 folders.
[2019.05.30-17.11.45:612][ 42]PIE: Play in editor start time for /Game/Levels/UEDPIE_0_TestMapGeometry 0.601
[2019.05.30-17.11.45:613][ 42]LogBlueprintUserMessages: Late PlayInEditor Detection: Level '/Game/Levels/TestMapGeometry.TestMapGeometry:PersistentLevel' has LevelScriptBlueprint '/Game/Levels/TestMapGeometry.TestMapGeometry:PersistentLevel.TestMapGeometry' with GeneratedClass '/Game/Levels/TestMapGeometry.TestMapGeometry_C' with ClassGeneratedBy '/Game/Levels/TestMapGeometry.TestMapGeometry:PersistentLevel.TestMapGeometry'
[2019.05.30-17.12.06:456][498]LogBlueprintUserMessages: Early EndPlayMap Detection: Level '/Game/Levels/TestMapGeometry.TestMapGeometry:PersistentLevel' has LevelScriptBlueprint '/Game/Levels/TestMapGeometry.TestMapGeometry:PersistentLevel.TestMapGeometry' with GeneratedClass '/Game/Levels/TestMapGeometry.TestMapGeometry_C' with ClassGeneratedBy '/Game/Levels/TestMapGeometry.TestMapGeometry:PersistentLevel.TestMapGeometry'
[2019.05.30-17.12.06:550][498]LogSlate: Updating window title bar state: overlay mode, drag disabled, window buttons hidden, title bar hidden
[2019.05.30-17.12.06:586][498]LogPlayLevel: Display: Shutting down PIE online subsystems
[2019.05.30-17.12.06:586][498]LogBlueprintUserMessages: Late EndPlayMap Detection: Level '/Game/Levels/TestMapGeometry.TestMapGeometry:PersistentLevel' has LevelScriptBlueprint '/Game/Levels/TestMapGeometry.TestMapGeometry:PersistentLevel.TestMapGeometry' with GeneratedClass '/Game/Levels/TestMapGeometry.TestMapGeometry_C' with ClassGeneratedBy '/Game/Levels/TestMapGeometry.TestMapGeometry:PersistentLevel.TestMapGeometry'
[2019.05.30-17.12.06:620][498]LogSlate: Updating window title bar state: overlay mode, drag disabled, window buttons hidden, title bar hidden
[2019.05.30-17.12.06:646][499]LogPlayLevel: Display: Destroying online subsystem :Context_1
[2019.05.30-17.12.07:636][613]LogSlate: FSceneViewport::OnFocusLost() reason 0
[2019.05.30-17.12.07:874][630]LogAIModule: Creating AISystem for world INSANE_AUDIO_TEST_ROOM
[2019.05.30-17.12.07:883][630]LogAssetEditorManager: Opening Asset editor for World /Game/Levels/INSANE_AUDIO_TEST_ROOM.INSANE_AUDIO_TEST_ROOM
[2019.05.30-17.12.07:908][630]Cmd: MAP LOAD FILE="../../../../../../Users/Kylen/Documents/GitHub/ExtraCredits/BlueprintExtraCredit/Content/Levels/INSANE_AUDIO_TEST_ROOM.umap" TEMPLATE=0 SHOWPROGRESS=1 FEATURELEVEL=3
[2019.05.30-17.12.07:908][630]LightingResults: New page: Lighting Build
[2019.05.30-17.12.07:909][630]LoadErrors: New page: Loading map: INSANE_AUDIO_TEST_ROOM.umap
[2019.05.30-17.12.07:912][630]MapCheck: New page: Map Check
[2019.05.30-17.12.07:912][630]LightingResults: New page: Lighting Build
[2019.05.30-17.12.08:002][630]LogEditorServer: Finished looking for orphan Actors (0.000 secs)
[2019.05.30-17.12.08:056][630]Cmd: MAP CHECKDEP NOCLEARLOG
[2019.05.30-17.12.08:056][630]MapCheck: Map check complete: 0 Error(s), 0 Warning(s), took 0.182ms to complete.
[2019.05.30-17.12.08:056][630]LogFileHelpers: Loading map 'INSANE_AUDIO_TEST_ROOM' took 0.148
[2019.05.30-17.12.09:750][822]LogTemp: Repeating last play command: Selected Viewport
[2019.05.30-17.12.09:764][822]LogBlueprintUserMessages: Early PlayInEditor Detection: Level '/Game/Levels/INSANE_AUDIO_TEST_ROOM.INSANE_AUDIO_TEST_ROOM:PersistentLevel' has LevelScriptBlueprint '/Game/Levels/INSANE_AUDIO_TEST_ROOM.INSANE_AUDIO_TEST_ROOM:PersistentLevel.INSANE_AUDIO_TEST_ROOM' with GeneratedClass '/Game/Levels/INSANE_AUDIO_TEST_ROOM.INSANE_AUDIO_TEST_ROOM_C' with ClassGeneratedBy '/Game/Levels/INSANE_AUDIO_TEST_ROOM.INSANE_AUDIO_TEST_ROOM:PersistentLevel.INSANE_AUDIO_TEST_ROOM'
[2019.05.30-17.12.09:790][822]LogFMOD: Creating runtime Studio System
[2019.05.30-17.12.09:795][822]LogFMOD: Default sample rate = 48000
[2019.05.30-17.12.09:795][822]LogFMOD: System sample rate = 48000
[2019.05.30-17.12.09:795][822]LogFMOD: Matching system sample rate 48000
[2019.05.30-17.12.09:805][822]LogFMOD: Loading Banks
[2019.05.30-17.12.09:850][822]LogPlayLevel: PlayLevel: No blueprints needed recompiling
[2019.05.30-17.12.09:850][822]PIE: New page: PIE session: INSANE_AUDIO_TEST_ROOM (May 30, 2019, 5:12:09 AM)
[2019.05.30-17.12.09:850][822]LogPlayLevel: Creating play world package: /Game/Levels/UEDPIE_0_INSANE_AUDIO_TEST_ROOM
[2019.05.30-17.12.09:860][822]LogPlayLevel: PIE: StaticDuplicateObject took: (0.010338s)
[2019.05.30-17.12.09:861][822]LogAIModule: Creating AISystem for world INSANE_AUDIO_TEST_ROOM
[2019.05.30-17.12.09:861][822]LogPlayLevel: PIE: World Init took: (0.000567s)
[2019.05.30-17.12.09:861][822]LogPlayLevel: PIE: Created PIE world by copying editor world from /Game/Levels/INSANE_AUDIO_TEST_ROOM.INSANE_AUDIO_TEST_ROOM to /Game/Levels/UEDPIE_0_INSANE_AUDIO_TEST_ROOM.INSANE_AUDIO_TEST_ROOM (0.011293s)
[2019.05.30-17.12.09:908][822]LogInit: XAudio2 using 'DELL S2415H-8 (NVIDIA High Definition Audio)' : 2 channels at 48 kHz using 16 bits per sample (channel mask 0x3)
[2019.05.30-17.12.09:916][822]LogInit: FAudioDevice initialized.
[2019.05.30-17.12.09:949][822]LogLoad: Game class is 'BP_GameMode_C'
[2019.05.30-17.12.09:952][822]LogWorld: Bringing World /Game/Levels/UEDPIE_0_INSANE_AUDIO_TEST_ROOM.INSANE_AUDIO_TEST_ROOM up for play (max tick rate 0) at 2019.05.30-11.12.09
[2019.05.30-17.12.09:952][822]LogWorld: Bringing up level for play took: 0.001924
[2019.05.30-17.12.09:965][822]PIE: Play in editor start time for /Game/Levels/UEDPIE_0_INSANE_AUDIO_TEST_ROOM 0.955
[2019.05.30-17.12.09:965][822]LogBlueprintUserMessages: Late PlayInEditor Detection: Level '/Game/Levels/INSANE_AUDIO_TEST_ROOM.INSANE_AUDIO_TEST_ROOM:PersistentLevel' has LevelScriptBlueprint '/Game/Levels/INSANE_AUDIO_TEST_ROOM.INSANE_AUDIO_TEST_ROOM:PersistentLevel.INSANE_AUDIO_TEST_ROOM' with GeneratedClass '/Game/Levels/INSANE_AUDIO_TEST_ROOM.INSANE_AUDIO_TEST_ROOM_C' with ClassGeneratedBy '/Game/Levels/INSANE_AUDIO_TEST_ROOM.INSANE_AUDIO_TEST_ROOM:PersistentLevel.INSANE_AUDIO_TEST_ROOM'
[2019.05.30-17.12.19:037][892]LogBlueprintUserMessages: Early EndPlayMap Detection: Level '/Game/Levels/INSANE_AUDIO_TEST_ROOM.INSANE_AUDIO_TEST_ROOM:PersistentLevel' has LevelScriptBlueprint '/Game/Levels/INSANE_AUDIO_TEST_ROOM.INSANE_AUDIO_TEST_ROOM:PersistentLevel.INSANE_AUDIO_TEST_ROOM' with GeneratedClass '/Game/Levels/INSANE_AUDIO_TEST_ROOM.INSANE_AUDIO_TEST_ROOM_C' with ClassGeneratedBy '/Game/Levels/INSANE_AUDIO_TEST_ROOM.INSANE_AUDIO_TEST_ROOM:PersistentLevel.INSANE_AUDIO_TEST_ROOM'
[2019.05.30-17.12.19:130][892]LogSlate: Updating window title bar state: overlay mode, drag disabled, window buttons hidden, title bar hidden
[2019.05.30-17.12.19:165][892]LogPlayLevel: Display: Shutting down PIE online subsystems
[2019.05.30-17.12.19:165][892]LogBlueprintUserMessages: Late EndPlayMap Detection: Level '/Game/Levels/INSANE_AUDIO_TEST_ROOM.INSANE_AUDIO_TEST_ROOM:PersistentLevel' has LevelScriptBlueprint '/Game/Levels/INSANE_AUDIO_TEST_ROOM.INSANE_AUDIO_TEST_ROOM:PersistentLevel.INSANE_AUDIO_TEST_ROOM' with GeneratedClass '/Game/Levels/INSANE_AUDIO_TEST_ROOM.INSANE_AUDIO_TEST_ROOM_C' with ClassGeneratedBy '/Game/Levels/INSANE_AUDIO_TEST_ROOM.INSANE_AUDIO_TEST_ROOM:PersistentLevel.INSANE_AUDIO_TEST_ROOM'
[2019.05.30-17.12.19:191][892]LogSlate: Updating window title bar state: overlay mode, drag disabled, window buttons hidden, title bar hidden
[2019.05.30-17.12.19:211][893]LogPlayLevel: Display: Destroying online subsystem :Context_2
[2019.05.30-17.12.20:856][ 85]LogSlate: FSceneViewport::OnFocusLost() reason 0
